Flow report for barrel
Thu Dec 03 17:08:00 2015
Quartus II 64-Bit Version 13.0.1 Build 232 06/12/2013 Service Pack 1 SJ Web Edition


---------------------
; Table of Contents ;
---------------------
  1. Legal Notice
  2. Flow Summary
  3. Flow Settings
  4. Flow Non-Default Global Settings
  5. Flow Elapsed Time
  6. Flow OS Summary
  7. Flow Log
  8. Flow Messages
  9. Flow Suppressed Messages



----------------
; Legal Notice ;
----------------
Copyright (C) 1991-2013 Altera Corporation
Your use of Altera Corporation's design tools, logic functions 
and other software and tools, and its AMPP partner logic 
functions, and any output files from any of the foregoing 
(including device programming or simulation files), and any 
associated documentation or information are expressly subject 
to the terms and conditions of the Altera Program License 
Subscription Agreement, Altera MegaCore Function License 
Agreement, or other applicable license agreement, including, 
without limitation, that your use is for the sole purpose of 
programming logic devices manufactured by Altera and sold by 
Altera or its authorized distributors.  Please refer to the 
applicable agreement for further details.



+--------------------------------------------------------------------------------------+
; Flow Summary                                                                         ;
+------------------------------------+-------------------------------------------------+
; Flow Status                        ; Successful - Thu Dec 03 17:07:58 2015           ;
; Quartus II 64-Bit Version          ; 13.0.1 Build 232 06/12/2013 SP 1 SJ Web Edition ;
; Revision Name                      ; barrel                                          ;
; Top-level Entity Name              ; barrel                                          ;
; Family                             ; Cyclone II                                      ;
; Device                             ; EP2C20F484C7                                    ;
; Timing Models                      ; Final                                           ;
; Total logic elements               ; 24 / 18,752 ( < 1 % )                           ;
;     Total combinational functions  ; 24 / 18,752 ( < 1 % )                           ;
;     Dedicated logic registers      ; 8 / 18,752 ( < 1 % )                            ;
; Total registers                    ; 8                                               ;
; Total pins                         ; 22 / 315 ( 7 % )                                ;
; Total virtual pins                 ; 0                                               ;
; Total memory bits                  ; 0 / 239,616 ( 0 % )                             ;
; Embedded Multiplier 9-bit elements ; 0 / 52 ( 0 % )                                  ;
; Total PLLs                         ; 0 / 4 ( 0 % )                                   ;
+------------------------------------+-------------------------------------------------+


+-----------------------------------------+
; Flow Settings                           ;
+-------------------+---------------------+
; Option            ; Setting             ;
+-------------------+---------------------+
; Start date & time ; 12/03/2015 17:07:44 ;
; Main task         ; Compilation         ;
; Revision Name     ; barrel              ;
+-------------------+---------------------+


+--------------------------------------------------------------------------------------------------------------------+
; Flow Non-Default Global Settings                                                                                   ;
+-------------------------------------+-------------------------------+---------------+-------------+----------------+
; Assignment Name                     ; Value                         ; Default Value ; Entity Name ; Section Id     ;
+-------------------------------------+-------------------------------+---------------+-------------+----------------+
; COMPILER_SIGNATURE_ID               ; 8995263175637.144913366405856 ; --            ; --          ; --             ;
; MAX_CORE_JUNCTION_TEMP              ; 85                            ; --            ; --          ; --             ;
; MIN_CORE_JUNCTION_TEMP              ; 0                             ; --            ; --          ; --             ;
; PARTITION_COLOR                     ; 16764057                      ; --            ; --          ; Top            ;
; PARTITION_FITTER_PRESERVATION_LEVEL ; PLACEMENT_AND_ROUTING         ; --            ; --          ; Top            ;
; PARTITION_NETLIST_TYPE              ; SOURCE                        ; --            ; --          ; Top            ;
; USE_GENERATED_PHYSICAL_CONSTRAINTS  ; Off                           ; --            ; --          ; eda_blast_fpga ;
+-------------------------------------+-------------------------------+---------------+-------------+----------------+


+-------------------------------------------------------------------------------------------------------------------------------+
; Flow Elapsed Time                                                                                                             ;
+---------------------------+--------------+-------------------------+---------------------+------------------------------------+
; Module Name               ; Elapsed Time ; Average Processors Used ; Peak Virtual Memory ; Total CPU Time (on all processors) ;
+---------------------------+--------------+-------------------------+---------------------+------------------------------------+
; Analysis & Synthesis      ; 00:00:02     ; 1.0                     ; 473 MB              ; 00:00:02                           ;
; Fitter                    ; 00:00:07     ; 1.0                     ; 724 MB              ; 00:00:07                           ;
; Assembler                 ; 00:00:03     ; 1.0                     ; 434 MB              ; 00:00:03                           ;
; TimeQuest Timing Analyzer ; 00:00:01     ; 1.0                     ; 421 MB              ; 00:00:01                           ;
; Total                     ; 00:00:13     ; --                      ; --                  ; 00:00:13                           ;
+---------------------------+--------------+-------------------------+---------------------+------------------------------------+


+----------------------------------------------------------------------------------------+
; Flow OS Summary                                                                        ;
+---------------------------+------------------+-----------+------------+----------------+
; Module Name               ; Machine Hostname ; OS Name   ; OS Version ; Processor type ;
+---------------------------+------------------+-----------+------------+----------------+
; Analysis & Synthesis      ; DESKTOP-AAQOIV3  ; Windows 7 ; 6.2        ; x86_64         ;
; Fitter                    ; DESKTOP-AAQOIV3  ; Windows 7 ; 6.2        ; x86_64         ;
; Assembler                 ; DESKTOP-AAQOIV3  ; Windows 7 ; 6.2        ; x86_64         ;
; TimeQuest Timing Analyzer ; DESKTOP-AAQOIV3  ; Windows 7 ; 6.2        ; x86_64         ;
+---------------------------+------------------+-----------+------------+----------------+


------------
; Flow Log ;
------------
quartus_map --read_settings_files=on --write_settings_files=off barrel -c barrel
quartus_fit --read_settings_files=off --write_settings_files=off barrel -c barrel
quartus_asm --read_settings_files=off --write_settings_files=off barrel -c barrel
quartus_sta barrel -c barrel



